6ea6daf490d7e - 2024-09-19T09:13:47.402Z - Failed to make request for wrapped key: Service Unavailable - Error: Failed to make request for wrapped key: Service Unavailable
    at makeRequest (/home/ubuntu/LoadTesting/LIT/node_modules/@lit-protocol/wrapped-keys-bc/src/lib/service-client/utils.js:89:15)
    at process.processTicksAndRejections (node:internal/process/task_queues:95:5)
    at async signMessageWithEncryptedKey (/home/ubuntu/LoadTesting/LIT/node_modules/@lit-protocol/wrapped-keys-bc/src/lib/api/sign-message-with-encrypted-key.js:20:31)
    at async getCreateDIDData (/home/ubuntu/LoadTesting/LIT/createDIDData.js:35:23)
d59d064bd5898 - 2024-09-19T09:14:12.864Z - Failed to make request for wrapped key: Service Unavailable - Error: Failed to make request for wrapped key: Service Unavailable
    at makeRequest (/home/ubuntu/LoadTesting/LIT/node_modules/@lit-protocol/wrapped-keys-bc/src/lib/service-client/utils.js:89:15)
    at process.processTicksAndRejections (node:internal/process/task_queues:95:5)
    at async storePrivateKey (/home/ubuntu/LoadTesting/LIT/node_modules/@lit-protocol/wrapped-keys-bc/src/lib/service-client/client.js:59:32)
    at async generatePrivateKey (/home/ubuntu/LoadTesting/LIT/node_modules/@lit-protocol/wrapped-keys-bc/src/lib/api/generate-private-key.js:47:20)
    at async getCreateDIDData (/home/ubuntu/LoadTesting/LIT/createDIDData.js:15:51)
c83a078f2d1a6 - 2024-09-19T09:14:12.874Z - Failed to make request for wrapped key: Service Unavailable - Error: Failed to make request for wrapped key: Service Unavailable
    at makeRequest (/home/ubuntu/LoadTesting/LIT/node_modules/@lit-protocol/wrapped-keys-bc/src/lib/service-client/utils.js:89:15)
    at process.processTicksAndRejections (node:internal/process/task_queues:95:5)
    at async signMessageWithEncryptedKey (/home/ubuntu/LoadTesting/LIT/node_modules/@lit-protocol/wrapped-keys-bc/src/lib/api/sign-message-with-encrypted-key.js:20:31)
    at async getCreateDIDData (/home/ubuntu/LoadTesting/LIT/createDIDData.js:35:23)
88c2ed991d8b6 - 2024-09-19T09:14:11.794Z - Failed to make request for wrapped key: Service Unavailable - Error: Failed to make request for wrapped key: Service Unavailable
    at makeRequest (/home/ubuntu/LoadTesting/LIT/node_modules/@lit-protocol/wrapped-keys-bc/src/lib/service-client/utils.js:89:15)
    at process.processTicksAndRejections (node:internal/process/task_queues:95:5)
    at async storePrivateKey (/home/ubuntu/LoadTesting/LIT/node_modules/@lit-protocol/wrapped-keys-bc/src/lib/service-client/client.js:59:32)
    at async generatePrivateKey (/home/ubuntu/LoadTesting/LIT/node_modules/@lit-protocol/wrapped-keys-bc/src/lib/api/generate-private-key.js:47:20)
    at async getCreateDIDData (/home/ubuntu/LoadTesting/LIT/createDIDData.js:15:51)
251e6288514a8 - 2024-09-19T09:14:24.895Z - Failed to make request for wrapped key: Service Unavailable - Error: Failed to make request for wrapped key: Service Unavailable
    at makeRequest (/home/ubuntu/LoadTesting/LIT/node_modules/@lit-protocol/wrapped-keys-bc/src/lib/service-client/utils.js:89:15)
    at process.processTicksAndRejections (node:internal/process/task_queues:95:5)
    at async signMessageWithEncryptedKey (/home/ubuntu/LoadTesting/LIT/node_modules/@lit-protocol/wrapped-keys-bc/src/lib/api/sign-message-with-encrypted-key.js:20:31)
    at async getCreateDIDData (/home/ubuntu/LoadTesting/LIT/createDIDData.js:35:23)
2e55502ae9b15 - 2024-09-19T09:14:24.920Z - Failed to make request for wrapped key: Service Unavailable - Error: Failed to make request for wrapped key: Service Unavailable
    at makeRequest (/home/ubuntu/LoadTesting/LIT/node_modules/@lit-protocol/wrapped-keys-bc/src/lib/service-client/utils.js:89:15)
    at process.processTicksAndRejections (node:internal/process/task_queues:95:5)
    at async storePrivateKey (/home/ubuntu/LoadTesting/LIT/node_modules/@lit-protocol/wrapped-keys-bc/src/lib/service-client/client.js:59:32)
    at async generatePrivateKey (/home/ubuntu/LoadTesting/LIT/node_modules/@lit-protocol/wrapped-keys-bc/src/lib/api/generate-private-key.js:47:20)
    at async getCreateDIDData (/home/ubuntu/LoadTesting/LIT/createDIDData.js:15:51)
4a584cf465e6f - 2024-09-19T09:14:24.920Z - Failed to make request for wrapped key: Service Unavailable - Error: Failed to make request for wrapped key: Service Unavailable
    at makeRequest (/home/ubuntu/LoadTesting/LIT/node_modules/@lit-protocol/wrapped-keys-bc/src/lib/service-client/utils.js:89:15)
    at process.processTicksAndRejections (node:internal/process/task_queues:95:5)
    at async storePrivateKey (/home/ubuntu/LoadTesting/LIT/node_modules/@lit-protocol/wrapped-keys-bc/src/lib/service-client/client.js:59:32)
    at async generatePrivateKey (/home/ubuntu/LoadTesting/LIT/node_modules/@lit-protocol/wrapped-keys-bc/src/lib/api/generate-private-key.js:47:20)
    at async getCreateDIDData (/home/ubuntu/LoadTesting/LIT/createDIDData.js:15:51)
75733e22fc21d - 2024-09-19T09:14:24.925Z - Failed to make request for wrapped key: Service Unavailable - Error: Failed to make request for wrapped key: Service Unavailable
    at makeRequest (/home/ubuntu/LoadTesting/LIT/node_modules/@lit-protocol/wrapped-keys-bc/src/lib/service-client/utils.js:89:15)
    at process.processTicksAndRejections (node:internal/process/task_queues:95:5)
    at async storePrivateKey (/home/ubuntu/LoadTesting/LIT/node_modules/@lit-protocol/wrapped-keys-bc/src/lib/service-client/client.js:59:32)
    at async generatePrivateKey (/home/ubuntu/LoadTesting/LIT/node_modules/@lit-protocol/wrapped-keys-bc/src/lib/api/generate-private-key.js:47:20)
    at async getCreateDIDData (/home/ubuntu/LoadTesting/LIT/createDIDData.js:15:51)
9e2cf0ef6e853 - 2024-09-19T09:14:24.970Z - Failed to make request for wrapped key: Service Unavailable - Error: Failed to make request for wrapped key: Service Unavailable
    at makeRequest (/home/ubuntu/LoadTesting/LIT/node_modules/@lit-protocol/wrapped-keys-bc/src/lib/service-client/utils.js:89:15)
    at process.processTicksAndRejections (node:internal/process/task_queues:95:5)
    at async signMessageWithEncryptedKey (/home/ubuntu/LoadTesting/LIT/node_modules/@lit-protocol/wrapped-keys-bc/src/lib/api/sign-message-with-encrypted-key.js:20:31)
    at async getCreateDIDData (/home/ubuntu/LoadTesting/LIT/createDIDData.js:35:23)
88cf57cfe236d - 2024-09-19T09:14:24.940Z - Failed to make request for wrapped key: Service Unavailable - Error: Failed to make request for wrapped key: Service Unavailable
    at makeRequest (/home/ubuntu/LoadTesting/LIT/node_modules/@lit-protocol/wrapped-keys-bc/src/lib/service-client/utils.js:89:15)
    at process.processTicksAndRejections (node:internal/process/task_queues:95:5)
    at async signMessageWithEncryptedKey (/home/ubuntu/LoadTesting/LIT/node_modules/@lit-protocol/wrapped-keys-bc/src/lib/api/sign-message-with-encrypted-key.js:20:31)
    at async getCreateDIDData (/home/ubuntu/LoadTesting/LIT/createDIDData.js:35:23)
ce1c659f4c80d - 2024-09-19T09:14:24.941Z - Failed to make request for wrapped key: Service Unavailable - Error: Failed to make request for wrapped key: Service Unavailable
    at makeRequest (/home/ubuntu/LoadTesting/LIT/node_modules/@lit-protocol/wrapped-keys-bc/src/lib/service-client/utils.js:89:15)
    at process.processTicksAndRejections (node:internal/process/task_queues:95:5)
    at async signMessageWithEncryptedKey (/home/ubuntu/LoadTesting/LIT/node_modules/@lit-protocol/wrapped-keys-bc/src/lib/api/sign-message-with-encrypted-key.js:20:31)
    at async getCreateDIDData (/home/ubuntu/LoadTesting/LIT/createDIDData.js:35:23)
9c36992fcc9b6 - 2024-09-19T09:14:45.055Z - Failed to make request for wrapped key: Service Unavailable - Error: Failed to make request for wrapped key: Service Unavailable
    at makeRequest (/home/ubuntu/LoadTesting/LIT/node_modules/@lit-protocol/wrapped-keys-bc/src/lib/service-client/utils.js:89:15)
    at process.processTicksAndRejections (node:internal/process/task_queues:95:5)
    at async storePrivateKey (/home/ubuntu/LoadTesting/LIT/node_modules/@lit-protocol/wrapped-keys-bc/src/lib/service-client/client.js:59:32)
    at async generatePrivateKey (/home/ubuntu/LoadTesting/LIT/node_modules/@lit-protocol/wrapped-keys-bc/src/lib/api/generate-private-key.js:47:20)
    at async getCreateDIDData (/home/ubuntu/LoadTesting/LIT/createDIDData.js:15:51)
8940ce06ae132 - 2024-09-19T09:14:45.056Z - Failed to make request for wrapped key: Service Unavailable - Error: Failed to make request for wrapped key: Service Unavailable
    at makeRequest (/home/ubuntu/LoadTesting/LIT/node_modules/@lit-protocol/wrapped-keys-bc/src/lib/service-client/utils.js:89:15)
    at process.processTicksAndRejections (node:internal/process/task_queues:95:5)
    at async signMessageWithEncryptedKey (/home/ubuntu/LoadTesting/LIT/node_modules/@lit-protocol/wrapped-keys-bc/src/lib/api/sign-message-with-encrypted-key.js:20:31)
    at async getCreateDIDData (/home/ubuntu/LoadTesting/LIT/createDIDData.js:35:23)
c3515f4522bab - 2024-09-19T09:16:04.923Z - missing revert data in call exception; Transaction reverted without a reason string [ See: https://links.ethers.org/v5-errors-CALL_EXCEPTION ] (data="0x", transaction={"to":"0xdec37933239846834b3BfD408913Ed3dbEf6588F","data":"0xc51d020e","accessList":null}, error={"reason":"timeout","code":"TIMEOUT","requestBody":"{\"method\":\"eth_call\",\"params\":[{\"to\":\"0xdec37933239846834b3bfd408913ed3dbef6588f\",\"data\":\"0xc51d020e\"},\"latest\"],\"id\":43,\"jsonrpc\":\"2.0\"}","requestMethod":"POST","timeout":120000,"url":"https://yellowstone-rpc.litprotocol.com"}, code=CALL_EXCEPTION, version=providers/5.7.2) - Error: missing revert data in call exception; Transaction reverted without a reason string [ See: https://links.ethers.org/v5-errors-CALL_EXCEPTION ] (data="0x", transaction={"to":"0xdec37933239846834b3BfD408913Ed3dbEf6588F","data":"0xc51d020e","accessList":null}, error={"reason":"timeout","code":"TIMEOUT","requestBody":"{\"method\":\"eth_call\",\"params\":[{\"to\":\"0xdec37933239846834b3bfd408913ed3dbef6588f\",\"data\":\"0xc51d020e\"},\"latest\"],\"id\":43,\"jsonrpc\":\"2.0\"}","requestMethod":"POST","timeout":120000,"url":"https://yellowstone-rpc.litprotocol.com"}, code=CALL_EXCEPTION, version=providers/5.7.2)
    at Logger.makeError (/home/ubuntu/LoadTesting/LIT/node_modules/@ethersproject/logger/lib/index.js:238:21)
    at Logger.throwError (/home/ubuntu/LoadTesting/LIT/node_modules/@ethersproject/logger/lib/index.js:247:20)
    at checkError (/home/ubuntu/LoadTesting/LIT/node_modules/@ethersproject/providers/lib/json-rpc-provider.js:108:16)
    at StaticJsonRpcProvider.<anonymous> (/home/ubuntu/LoadTesting/LIT/node_modules/@ethersproject/providers/lib/json-rpc-provider.js:751:47)
    at step (/home/ubuntu/LoadTesting/LIT/node_modules/@ethersproject/providers/lib/json-rpc-provider.js:48:23)
    at Object.throw (/home/ubuntu/LoadTesting/LIT/node_modules/@ethersproject/providers/lib/json-rpc-provider.js:29:53)
    at rejected (/home/ubuntu/LoadTesting/LIT/node_modules/@ethersproject/providers/lib/json-rpc-provider.js:21:65)
e9999f0e71d2a - 2024-09-19T09:16:04.990Z - missing revert data in call exception; Transaction reverted without a reason string [ See: https://links.ethers.org/v5-errors-CALL_EXCEPTION ] (data="0x", transaction={"to":"0xdec37933239846834b3BfD408913Ed3dbEf6588F","data":"0xc51d020e","accessList":null}, error={"reason":"timeout","code":"TIMEOUT","requestBody":"{\"method\":\"eth_call\",\"params\":[{\"to\":\"0xdec37933239846834b3bfd408913ed3dbef6588f\",\"data\":\"0xc51d020e\"},\"latest\"],\"id\":43,\"jsonrpc\":\"2.0\"}","requestMethod":"POST","timeout":120000,"url":"https://yellowstone-rpc.litprotocol.com"}, code=CALL_EXCEPTION, version=providers/5.7.2) - Error: missing revert data in call exception; Transaction reverted without a reason string [ See: https://links.ethers.org/v5-errors-CALL_EXCEPTION ] (data="0x", transaction={"to":"0xdec37933239846834b3BfD408913Ed3dbEf6588F","data":"0xc51d020e","accessList":null}, error={"reason":"timeout","code":"TIMEOUT","requestBody":"{\"method\":\"eth_call\",\"params\":[{\"to\":\"0xdec37933239846834b3bfd408913ed3dbef6588f\",\"data\":\"0xc51d020e\"},\"latest\"],\"id\":43,\"jsonrpc\":\"2.0\"}","requestMethod":"POST","timeout":120000,"url":"https://yellowstone-rpc.litprotocol.com"}, code=CALL_EXCEPTION, version=providers/5.7.2)
    at Logger.makeError (/home/ubuntu/LoadTesting/LIT/node_modules/@ethersproject/logger/lib/index.js:238:21)
    at Logger.throwError (/home/ubuntu/LoadTesting/LIT/node_modules/@ethersproject/logger/lib/index.js:247:20)
    at checkError (/home/ubuntu/LoadTesting/LIT/node_modules/@ethersproject/providers/lib/json-rpc-provider.js:108:16)
    at StaticJsonRpcProvider.<anonymous> (/home/ubuntu/LoadTesting/LIT/node_modules/@ethersproject/providers/lib/json-rpc-provider.js:751:47)
    at step (/home/ubuntu/LoadTesting/LIT/node_modules/@ethersproject/providers/lib/json-rpc-provider.js:48:23)
    at Object.throw (/home/ubuntu/LoadTesting/LIT/node_modules/@ethersproject/providers/lib/json-rpc-provider.js:29:53)
    at rejected (/home/ubuntu/LoadTesting/LIT/node_modules/@ethersproject/providers/lib/json-rpc-provider.js:21:65)
26aa548f35111 - 2024-09-19T09:19:24.504Z - There was an error getting the signing shares from the nodes - undefined
